
(unet.py:11554): Gdk-CRITICAL **: 09:00:18.692: gdk_cursor_new_for_display: assertion 'GDK_IS_DISPLAY (display)' failed
2021-04-27 09:00:20.096680: I tensorflow/stream_executor/platform/default/dso_loader.cc:48] Successfully opened dynamic library libcudart.so.10.1
2021-04-27 09:00:35.510038: I tensorflow/stream_executor/platform/default/dso_loader.cc:48] Successfully opened dynamic library libcuda.so.1
2021-04-27 09:00:36.392086: I tensorflow/stream_executor/cuda/cuda_gpu_executor.cc:982] successful NUMA node read from SysFS had negative value (-1), but there must be at least one NUMA node, so returning NUMA node zero
2021-04-27 09:00:36.393751: I tensorflow/core/common_runtime/gpu/gpu_device.cc:1716] Found device 0 with properties: 
pciBusID: 0000:07:00.0 name: Quadro RTX 6000 computeCapability: 7.5
coreClock: 1.77GHz coreCount: 72 deviceMemorySize: 23.65GiB deviceMemoryBandwidth: 625.94GiB/s
2021-04-27 09:00:36.393915: I tensorflow/stream_executor/platform/default/dso_loader.cc:48] Successfully opened dynamic library libcudart.so.10.1
2021-04-27 09:00:36.406637: I tensorflow/stream_executor/platform/default/dso_loader.cc:48] Successfully opened dynamic library libcublas.so.10
2021-04-27 09:00:36.412356: I tensorflow/stream_executor/platform/default/dso_loader.cc:48] Successfully opened dynamic library libcufft.so.10
2021-04-27 09:00:36.424191: I tensorflow/stream_executor/platform/default/dso_loader.cc:48] Successfully opened dynamic library libcurand.so.10
2021-04-27 09:00:36.439788: I tensorflow/stream_executor/platform/default/dso_loader.cc:48] Successfully opened dynamic library libcusolver.so.10
2021-04-27 09:00:36.446282: I tensorflow/stream_executor/platform/default/dso_loader.cc:48] Successfully opened dynamic library libcusparse.so.10
2021-04-27 09:00:36.460001: I tensorflow/stream_executor/platform/default/dso_loader.cc:48] Successfully opened dynamic library libcudnn.so.7
2021-04-27 09:00:36.460500: I tensorflow/stream_executor/cuda/cuda_gpu_executor.cc:982] successful NUMA node read from SysFS had negative value (-1), but there must be at least one NUMA node, so returning NUMA node zero
2021-04-27 09:00:36.462205: I tensorflow/stream_executor/cuda/cuda_gpu_executor.cc:982] successful NUMA node read from SysFS had negative value (-1), but there must be at least one NUMA node, so returning NUMA node zero
2021-04-27 09:00:36.463721: I tensorflow/core/common_runtime/gpu/gpu_device.cc:1858] Adding visible gpu devices: 0
2021-04-27 09:00:36.464529: I tensorflow/core/platform/cpu_feature_guard.cc:142] This TensorFlow binary is optimized with oneAPI Deep Neural Network Library (oneDNN)to use the following CPU instructions in performance-critical operations:  AVX2 FMA
To enable them in other operations, rebuild TensorFlow with the appropriate compiler flags.
2021-04-27 09:00:36.476003: I tensorflow/core/platform/profile_utils/cpu_utils.cc:104] CPU Frequency: 1996245000 Hz
2021-04-27 09:00:36.476608: I tensorflow/compiler/xla/service/service.cc:168] XLA service 0x775ab30 initialized for platform Host (this does not guarantee that XLA will be used). Devices:
2021-04-27 09:00:36.476723: I tensorflow/compiler/xla/service/service.cc:176]   StreamExecutor device (0): Host, Default Version
2021-04-27 09:00:36.787484: I tensorflow/stream_executor/cuda/cuda_gpu_executor.cc:982] successful NUMA node read from SysFS had negative value (-1), but there must be at least one NUMA node, so returning NUMA node zero
2021-04-27 09:00:36.789199: I tensorflow/compiler/xla/service/service.cc:168] XLA service 0x776aaa0 initialized for platform CUDA (this does not guarantee that XLA will be used). Devices:
2021-04-27 09:00:36.789292: I tensorflow/compiler/xla/service/service.cc:176]   StreamExecutor device (0): Quadro RTX 6000, Compute Capability 7.5
2021-04-27 09:00:36.789859: I tensorflow/stream_executor/cuda/cuda_gpu_executor.cc:982] successful NUMA node read from SysFS had negative value (-1), but there must be at least one NUMA node, so returning NUMA node zero
2021-04-27 09:00:36.791354: I tensorflow/core/common_runtime/gpu/gpu_device.cc:1716] Found device 0 with properties: 
pciBusID: 0000:07:00.0 name: Quadro RTX 6000 computeCapability: 7.5
coreClock: 1.77GHz coreCount: 72 deviceMemorySize: 23.65GiB deviceMemoryBandwidth: 625.94GiB/s
2021-04-27 09:00:36.791572: I tensorflow/stream_executor/platform/default/dso_loader.cc:48] Successfully opened dynamic library libcudart.so.10.1
2021-04-27 09:00:36.791719: I tensorflow/stream_executor/platform/default/dso_loader.cc:48] Successfully opened dynamic library libcublas.so.10
2021-04-27 09:00:36.791826: I tensorflow/stream_executor/platform/default/dso_loader.cc:48] Successfully opened dynamic library libcufft.so.10
2021-04-27 09:00:36.791943: I tensorflow/stream_executor/platform/default/dso_loader.cc:48] Successfully opened dynamic library libcurand.so.10
2021-04-27 09:00:36.792150: I tensorflow/stream_executor/platform/default/dso_loader.cc:48] Successfully opened dynamic library libcusolver.so.10
2021-04-27 09:00:36.792254: I tensorflow/stream_executor/platform/default/dso_loader.cc:48] Successfully opened dynamic library libcusparse.so.10
2021-04-27 09:00:36.792344: I tensorflow/stream_executor/platform/default/dso_loader.cc:48] Successfully opened dynamic library libcudnn.so.7
2021-04-27 09:00:36.792640: I tensorflow/stream_executor/cuda/cuda_gpu_executor.cc:982] successful NUMA node read from SysFS had negative value (-1), but there must be at least one NUMA node, so returning NUMA node zero
2021-04-27 09:00:36.794183: I tensorflow/stream_executor/cuda/cuda_gpu_executor.cc:982] successful NUMA node read from SysFS had negative value (-1), but there must be at least one NUMA node, so returning NUMA node zero
2021-04-27 09:00:36.795577: I tensorflow/core/common_runtime/gpu/gpu_device.cc:1858] Adding visible gpu devices: 0
2021-04-27 09:00:36.795735: I tensorflow/stream_executor/platform/default/dso_loader.cc:48] Successfully opened dynamic library libcudart.so.10.1
2021-04-27 09:00:37.515417: I tensorflow/core/common_runtime/gpu/gpu_device.cc:1257] Device interconnect StreamExecutor with strength 1 edge matrix:
2021-04-27 09:00:37.515714: I tensorflow/core/common_runtime/gpu/gpu_device.cc:1263]      0 
2021-04-27 09:00:37.515982: I tensorflow/core/common_runtime/gpu/gpu_device.cc:1276] 0:   N 
2021-04-27 09:00:37.516646: I tensorflow/stream_executor/cuda/cuda_gpu_executor.cc:982] successful NUMA node read from SysFS had negative value (-1), but there must be at least one NUMA node, so returning NUMA node zero
2021-04-27 09:00:37.518515: I tensorflow/stream_executor/cuda/cuda_gpu_executor.cc:982] successful NUMA node read from SysFS had negative value (-1), but there must be at least one NUMA node, so returning NUMA node zero
2021-04-27 09:00:37.520071: I tensorflow/core/common_runtime/gpu/gpu_device.cc:1402] Created TensorFlow device (/job:localhost/replica:0/task:0/device:GPU:0 with 22475 MB memory) -> physical GPU (device: 0, name: Quadro RTX 6000, pci bus id: 0000:07:00.0, compute capability: 7.5)
2021-04-27 09:00:40.857666: I tensorflow/stream_executor/platform/default/dso_loader.cc:48] Successfully opened dynamic library libcudnn.so.7
2021-04-27 09:00:42.672129: I tensorflow/stream_executor/platform/default/dso_loader.cc:48] Successfully opened dynamic library libcublas.so.10
sys:1: FutureWarning: arrays to stack must be passed as a "sequence" type such as list or tuple. Support for non-sequence iterables such as generators is deprecated as of NumPy 1.16 and will raise an error in the future.
WARNING:tensorflow:Callbacks method `on_train_batch_end` is slow compared to the batch time (batch time: 0.0168s vs `on_train_batch_end` time: 0.0608s). Check your callbacks.
